2026-02-05 22:34:38 DEBUG TestNG:82 - suiteXmlPath: "C:\Users\Ganesh\Jan2026FrameworkSessions\src\test\resources\testrunners\testng_regression.xml"
2026-02-05 22:34:39 DEBUG ChainPluginService:122 - Found configuration entry chaintest.generator.email.enabled, will use chaintest.generator.email.class-name to resolve class
2026-02-05 22:34:39 DEBUG ChainPluginService:118 - Generator chaintest.generator.chainlp.enabled was not enabled. To enable, set property chaintest.generator.chainlp.enabled=true in your configuration
2026-02-05 22:34:39 DEBUG ChainPluginService:122 - Found configuration entry chaintest.generator.simple.enabled, will use chaintest.generator.simple.class-name to resolve class
2026-02-05 22:34:39 DEBUG FileGenerator:73 - Loading template index.ftl for class class com.aventstack.chaintest.generator.ChainTestEmailGenerator with basePackagePath email/
2026-02-05 22:34:39 DEBUG FileGenerator:73 - Loading template index.ftl for class class com.aventstack.chaintest.generator.ChainTestSimpleGenerator with basePackagePath simple
2026-02-05 22:34:39 INFO  Utils:112 - [TestRunner] Running the tests in 'Login Page Test' with parallel mode:tests
2026-02-05 22:34:39 INFO  Utils:112 - [RunInfo] Adding method selector: org.testng.internal.XmlMethodSelector@20ffb8d5 priority: 10
2026-02-05 22:34:39 INFO  Utils:112 - [TestClass] Creating TestClass for [ClassImpl class=com.qa.opencart.tests.LoginPageTest]
2026-02-05 22:34:39 INFO  Utils:112 - [TestClass] Adding method LoginPageTest.loginPageTitleTest()[pri:0, instance:null] on TestClass class com.qa.opencart.tests.LoginPageTest
2026-02-05 22:34:39 INFO  Utils:112 - [TestClass] Adding method LoginPageTest.loginPageURLTest()[pri:0, instance:null] on TestClass class com.qa.opencart.tests.LoginPageTest
2026-02-05 22:34:39 INFO  Utils:112 - [TestClass] Adding method LoginPageTest.forgotPwdLinkExistTest()[pri:0, instance:null] on TestClass class com.qa.opencart.tests.LoginPageTest
2026-02-05 22:34:39 INFO  Utils:112 - [TestClass] Adding method LoginPageTest.loginTest()[pri:32767, instance:null] on TestClass class com.qa.opencart.tests.LoginPageTest
2026-02-05 22:34:39 INFO  Utils:112 - [Utils] MethodGroupsHelper.collectMethodsByGroup() took 1 ms.
2026-02-05 22:34:39 INFO  Utils:112 - [Utils] MethodGroupsHelper.sortMethods() took 1 ms.
2026-02-05 22:34:39 INFO  Utils:112 - [Utils] MethodGroupsHelper.collectMethodsByGroup() took 0 ms.
2026-02-05 22:34:39 INFO  Utils:112 - [Utils] MethodGroupsHelper.sortMethods() took 0 ms.
2026-02-05 22:34:39 INFO  Utils:112 - [XmlMethodSelector] Including method com.qa.opencart.base.setup()
2026-02-05 22:34:39 INFO  Utils:112 - [Utils] MethodGroupsHelper.collectMethodsByGroup() took 4 ms.
2026-02-05 22:34:40 INFO  Utils:112 - [Utils] MethodGroupsHelper.sortMethods() took 13 ms.
2026-02-05 22:34:40 INFO  Utils:112 - [XmlMethodSelector] Including method com.qa.opencart.base.tearDown()
2026-02-05 22:34:40 INFO  Utils:112 - [Utils] MethodGroupsHelper.collectMethodsByGroup() took 1 ms.
2026-02-05 22:34:40 INFO  Utils:112 - [Utils] MethodGroupsHelper.sortMethods() took 1 ms.
2026-02-05 22:34:40 INFO  Utils:112 - [Utils] MethodGroupsHelper.collectMethodsByGroup() took 0 ms.
2026-02-05 22:34:40 INFO  Utils:112 - [Utils] MethodGroupsHelper.sortMethods() took 0 ms.
2026-02-05 22:34:40 INFO  Utils:112 - [Utils] MethodGroupsHelper.collectMethodsByGroup() took 0 ms.
2026-02-05 22:34:40 INFO  Utils:112 - [Utils] MethodGroupsHelper.sortMethods() took 0 ms.
2026-02-05 22:34:40 INFO  Utils:112 - [Utils] MethodGroupsHelper.collectMethodsByGroup() took 0 ms.
2026-02-05 22:34:40 INFO  Utils:112 - [Utils] MethodGroupsHelper.sortMethods() took 0 ms.
2026-02-05 22:34:40 INFO  Utils:112 - [Utils] MethodGroupsHelper.collectMethodsByGroup() took 0 ms.
2026-02-05 22:34:40 INFO  Utils:112 - [Utils] MethodGroupsHelper.sortMethods() took 0 ms.
2026-02-05 22:34:40 INFO  Utils:112 - [Utils] MethodGroupsHelper.collectMethodsByGroup() took 0 ms.
2026-02-05 22:34:40 INFO  Utils:112 - [Utils] MethodGroupsHelper.sortMethods() took 0 ms.
2026-02-05 22:34:40 INFO  Utils:112 - [XmlMethodSelector] Including method com.qa.opencart.base.attachScreenshot()
2026-02-05 22:34:40 INFO  Utils:112 - [Utils] MethodGroupsHelper.collectMethodsByGroup() took 0 ms.
2026-02-05 22:34:40 INFO  Utils:112 - [Utils] MethodGroupsHelper.sortMethods() took 0 ms.
2026-02-05 22:34:40 INFO  Utils:112 - [Utils] MethodGroupsHelper.collectMethodsByGroup() took 0 ms.
2026-02-05 22:34:40 INFO  Utils:112 - [Utils] MethodGroupsHelper.sortMethods() took 0 ms.
2026-02-05 22:34:40 INFO  Utils:112 - [Utils] MethodGroupsHelper.collectMethodsByGroup() took 2 ms.
2026-02-05 22:34:40 INFO  Utils:112 - [Utils] MethodGroupsHelper.sortMethods() took 0 ms.
2026-02-05 22:34:40 INFO  Utils:112 - [XmlMethodSelector] Including method com.qa.opencart.tests.loginPageTitleTest()
2026-02-05 22:34:40 INFO  Utils:112 - [XmlMethodSelector] Including method com.qa.opencart.tests.loginPageURLTest()
2026-02-05 22:34:40 INFO  Utils:112 - [XmlMethodSelector] Including method com.qa.opencart.tests.forgotPwdLinkExistTest()
2026-02-05 22:34:40 INFO  Utils:112 - [XmlMethodSelector] Including method com.qa.opencart.tests.loginTest()
2026-02-05 22:34:40 INFO  Utils:112 - [Utils] MethodGroupsHelper.collectMethodsByGroup() took 2 ms.
2026-02-05 22:34:40 INFO  Utils:112 - [Utils] MethodGroupsHelper.sortMethods() took 2 ms.
2026-02-05 22:34:40 INFO  Utils:112 - [Utils] MethodGroupsHelper.collectMethodsByGroup() took 0 ms.
2026-02-05 22:34:40 INFO  Utils:112 - [Utils] MethodGroupsHelper.sortMethods() took 0 ms.
2026-02-05 22:34:40 INFO  Utils:112 - [Utils] MethodGroupsHelper.collectMethodsByGroup() took 0 ms.
2026-02-05 22:34:40 INFO  Utils:112 - [Utils] MethodGroupsHelper.sortMethods() took 0 ms.
2026-02-05 22:34:40 INFO  Utils:112 - [TestRunner] Running the tests in 'Accounts Page Test' with parallel mode:tests
2026-02-05 22:34:40 INFO  Utils:112 - [RunInfo] Adding method selector: org.testng.internal.XmlMethodSelector@655203e3 priority: 10
2026-02-05 22:34:40 INFO  Utils:112 - [TestClass] Creating TestClass for [ClassImpl class=com.qa.opencart.tests.AccountsPageTest]
2026-02-05 22:34:40 INFO  Utils:112 - [TestClass] Adding method AccountsPageTest.accPageURLTest()[pri:0, instance:null] on TestClass class com.qa.opencart.tests.AccountsPageTest
2026-02-05 22:34:40 INFO  Utils:112 - [TestClass] Adding method AccountsPageTest.accPageHeadersTest()[pri:0, instance:null] on TestClass class com.qa.opencart.tests.AccountsPageTest
2026-02-05 22:34:40 INFO  Utils:112 - [TestClass] Adding method AccountsPageTest.accPageTitletest()[pri:0, instance:null] on TestClass class com.qa.opencart.tests.AccountsPageTest
2026-02-05 22:34:40 INFO  Utils:112 - [Utils] MethodGroupsHelper.collectMethodsByGroup() took 0 ms.
2026-02-05 22:34:40 INFO  Utils:112 - [Utils] MethodGroupsHelper.sortMethods() took 0 ms.
2026-02-05 22:34:40 INFO  Utils:112 - [Utils] MethodGroupsHelper.collectMethodsByGroup() took 0 ms.
2026-02-05 22:34:40 INFO  Utils:112 - [Utils] MethodGroupsHelper.sortMethods() took 0 ms.
2026-02-05 22:34:40 INFO  Utils:112 - [XmlMethodSelector] Including method com.qa.opencart.base.setup()
2026-02-05 22:34:40 INFO  Utils:112 - [Utils] MethodGroupsHelper.collectMethodsByGroup() took 0 ms.
2026-02-05 22:34:40 INFO  Utils:112 - [Utils] MethodGroupsHelper.sortMethods() took 0 ms.
2026-02-05 22:34:40 INFO  Utils:112 - [XmlMethodSelector] Including method com.qa.opencart.base.tearDown()
2026-02-05 22:34:40 INFO  Utils:112 - [Utils] MethodGroupsHelper.collectMethodsByGroup() took 0 ms.
2026-02-05 22:34:40 INFO  Utils:112 - [Utils] MethodGroupsHelper.sortMethods() took 0 ms.
2026-02-05 22:34:40 INFO  Utils:112 - [XmlMethodSelector] Including method com.qa.opencart.tests.accPageSetup()
2026-02-05 22:34:40 INFO  Utils:112 - [Utils] MethodGroupsHelper.collectMethodsByGroup() took 0 ms.
2026-02-05 22:34:40 INFO  Utils:112 - [Utils] MethodGroupsHelper.sortMethods() took 0 ms.
2026-02-05 22:34:40 INFO  Utils:112 - [Utils] MethodGroupsHelper.collectMethodsByGroup() took 0 ms.
2026-02-05 22:34:40 INFO  Utils:112 - [Utils] MethodGroupsHelper.sortMethods() took 0 ms.
2026-02-05 22:34:40 INFO  Utils:112 - [Utils] MethodGroupsHelper.collectMethodsByGroup() took 0 ms.
2026-02-05 22:34:40 INFO  Utils:112 - [Utils] MethodGroupsHelper.sortMethods() took 0 ms.
2026-02-05 22:34:40 INFO  Utils:112 - [Utils] MethodGroupsHelper.collectMethodsByGroup() took 0 ms.
2026-02-05 22:34:40 INFO  Utils:112 - [Utils] MethodGroupsHelper.sortMethods() took 0 ms.
2026-02-05 22:34:40 INFO  Utils:112 - [Utils] MethodGroupsHelper.collectMethodsByGroup() took 0 ms.
2026-02-05 22:34:40 INFO  Utils:112 - [Utils] MethodGroupsHelper.sortMethods() took 0 ms.
2026-02-05 22:34:40 INFO  Utils:112 - [XmlMethodSelector] Including method com.qa.opencart.base.attachScreenshot()
2026-02-05 22:34:40 INFO  Utils:112 - [Utils] MethodGroupsHelper.collectMethodsByGroup() took 0 ms.
2026-02-05 22:34:40 INFO  Utils:112 - [Utils] MethodGroupsHelper.sortMethods() took 0 ms.
2026-02-05 22:34:40 INFO  Utils:112 - [Utils] MethodGroupsHelper.collectMethodsByGroup() took 0 ms.
2026-02-05 22:34:40 INFO  Utils:112 - [Utils] MethodGroupsHelper.sortMethods() took 0 ms.
2026-02-05 22:34:40 INFO  Utils:112 - [Utils] MethodGroupsHelper.collectMethodsByGroup() took 0 ms.
2026-02-05 22:34:40 INFO  Utils:112 - [Utils] MethodGroupsHelper.sortMethods() took 0 ms.
2026-02-05 22:34:40 INFO  Utils:112 - [XmlMethodSelector] Including method com.qa.opencart.tests.accPageURLTest()
2026-02-05 22:34:40 INFO  Utils:112 - [XmlMethodSelector] Including method com.qa.opencart.tests.accPageHeadersTest()
2026-02-05 22:34:40 INFO  Utils:112 - [XmlMethodSelector] Including method com.qa.opencart.tests.accPageTitletest()
2026-02-05 22:34:40 INFO  Utils:112 - [Utils] MethodGroupsHelper.collectMethodsByGroup() took 1 ms.
2026-02-05 22:34:40 INFO  Utils:112 - [Utils] MethodGroupsHelper.sortMethods() took 0 ms.
2026-02-05 22:34:40 INFO  Utils:112 - [Utils] MethodGroupsHelper.collectMethodsByGroup() took 0 ms.
2026-02-05 22:34:40 INFO  Utils:112 - [Utils] MethodGroupsHelper.sortMethods() took 1 ms.
2026-02-05 22:34:40 INFO  Utils:112 - [Utils] MethodGroupsHelper.collectMethodsByGroup() took 0 ms.
2026-02-05 22:34:40 INFO  Utils:112 - [Utils] MethodGroupsHelper.sortMethods() took 0 ms.
2026-02-05 22:34:40 INFO  Utils:112 - [TestRunner] Running the tests in 'Search Page Test' with parallel mode:tests
2026-02-05 22:34:40 INFO  Utils:112 - [RunInfo] Adding method selector: org.testng.internal.XmlMethodSelector@12fccff0 priority: 10
2026-02-05 22:34:40 INFO  Utils:112 - [TestClass] Creating TestClass for [ClassImpl class=com.qa.opencart.tests.SearchTest]
2026-02-05 22:34:40 INFO  Utils:112 - [TestClass] Adding method SearchTest.searchTest()[pri:0, instance:null] on TestClass class com.qa.opencart.tests.SearchTest
2026-02-05 22:34:40 INFO  Utils:112 - [Utils] MethodGroupsHelper.collectMethodsByGroup() took 0 ms.
2026-02-05 22:34:40 INFO  Utils:112 - [Utils] MethodGroupsHelper.sortMethods() took 0 ms.
2026-02-05 22:34:40 INFO  Utils:112 - [Utils] MethodGroupsHelper.collectMethodsByGroup() took 0 ms.
2026-02-05 22:34:40 INFO  Utils:112 - [Utils] MethodGroupsHelper.sortMethods() took 0 ms.
2026-02-05 22:34:40 INFO  Utils:112 - [XmlMethodSelector] Including method com.qa.opencart.base.setup()
2026-02-05 22:34:40 INFO  Utils:112 - [Utils] MethodGroupsHelper.collectMethodsByGroup() took 0 ms.
2026-02-05 22:34:40 INFO  Utils:112 - [Utils] MethodGroupsHelper.sortMethods() took 0 ms.
2026-02-05 22:34:40 INFO  Utils:112 - [XmlMethodSelector] Including method com.qa.opencart.base.tearDown()
2026-02-05 22:34:40 INFO  Utils:112 - [Utils] MethodGroupsHelper.collectMethodsByGroup() took 0 ms.
2026-02-05 22:34:40 INFO  Utils:112 - [Utils] MethodGroupsHelper.sortMethods() took 0 ms.
2026-02-05 22:34:40 INFO  Utils:112 - [XmlMethodSelector] Including method com.qa.opencart.tests.searchSetUp()
2026-02-05 22:34:40 INFO  Utils:112 - [Utils] MethodGroupsHelper.collectMethodsByGroup() took 1 ms.
2026-02-05 22:34:40 INFO  Utils:112 - [Utils] MethodGroupsHelper.sortMethods() took 0 ms.
2026-02-05 22:34:40 INFO  Utils:112 - [Utils] MethodGroupsHelper.collectMethodsByGroup() took 0 ms.
2026-02-05 22:34:40 INFO  Utils:112 - [Utils] MethodGroupsHelper.sortMethods() took 0 ms.
2026-02-05 22:34:40 INFO  Utils:112 - [Utils] MethodGroupsHelper.collectMethodsByGroup() took 0 ms.
2026-02-05 22:34:40 INFO  Utils:112 - [Utils] MethodGroupsHelper.sortMethods() took 0 ms.
2026-02-05 22:34:40 INFO  Utils:112 - [Utils] MethodGroupsHelper.collectMethodsByGroup() took 0 ms.
2026-02-05 22:34:40 INFO  Utils:112 - [Utils] MethodGroupsHelper.sortMethods() took 0 ms.
2026-02-05 22:34:40 INFO  Utils:112 - [Utils] MethodGroupsHelper.collectMethodsByGroup() took 0 ms.
2026-02-05 22:34:40 INFO  Utils:112 - [Utils] MethodGroupsHelper.sortMethods() took 0 ms.
2026-02-05 22:34:40 INFO  Utils:112 - [XmlMethodSelector] Including method com.qa.opencart.base.attachScreenshot()
2026-02-05 22:34:40 INFO  Utils:112 - [Utils] MethodGroupsHelper.collectMethodsByGroup() took 0 ms.
2026-02-05 22:34:40 INFO  Utils:112 - [Utils] MethodGroupsHelper.sortMethods() took 0 ms.
2026-02-05 22:34:40 INFO  Utils:112 - [Utils] MethodGroupsHelper.collectMethodsByGroup() took 0 ms.
2026-02-05 22:34:40 INFO  Utils:112 - [Utils] MethodGroupsHelper.sortMethods() took 0 ms.
2026-02-05 22:34:40 INFO  Utils:112 - [Utils] MethodGroupsHelper.collectMethodsByGroup() took 0 ms.
2026-02-05 22:34:40 INFO  Utils:112 - [Utils] MethodGroupsHelper.sortMethods() took 1 ms.
2026-02-05 22:34:40 INFO  Utils:112 - [XmlMethodSelector] Including method com.qa.opencart.tests.searchTest()
2026-02-05 22:34:40 INFO  Utils:112 - [Utils] MethodGroupsHelper.collectMethodsByGroup() took 0 ms.
2026-02-05 22:34:40 INFO  Utils:112 - [Utils] MethodGroupsHelper.sortMethods() took 0 ms.
2026-02-05 22:34:40 INFO  Utils:112 - [Utils] MethodGroupsHelper.collectMethodsByGroup() took 0 ms.
2026-02-05 22:34:40 INFO  Utils:112 - [Utils] MethodGroupsHelper.sortMethods() took 0 ms.
2026-02-05 22:34:40 INFO  Utils:112 - [Utils] MethodGroupsHelper.collectMethodsByGroup() took 0 ms.
2026-02-05 22:34:40 INFO  Utils:112 - [Utils] MethodGroupsHelper.sortMethods() took 0 ms.
2026-02-05 22:34:40 INFO  Utils:112 - [TestRunner] Running the tests in 'Product Info Page Test' with parallel mode:tests
2026-02-05 22:34:40 INFO  Utils:112 - [RunInfo] Adding method selector: org.testng.internal.XmlMethodSelector@4c2c44e8 priority: 10
2026-02-05 22:34:40 INFO  Utils:112 - [TestClass] Creating TestClass for [ClassImpl class=com.qa.opencart.tests.ProductInfoPageTest]
2026-02-05 22:34:40 INFO  Utils:112 - [TestClass] Adding method ProductInfoPageTest.productImageCountTest(java.lang.String,java.lang.String,java.lang.String)[pri:0, instance:null] on TestClass class com.qa.opencart.tests.ProductInfoPageTest
2026-02-05 22:34:40 INFO  Utils:112 - [TestClass] Adding method ProductInfoPageTest.productHeaderTest(java.lang.String,java.lang.String)[pri:0, instance:null] on TestClass class com.qa.opencart.tests.ProductInfoPageTest
2026-02-05 22:34:40 INFO  Utils:112 - [TestClass] Adding method ProductInfoPageTest.productInfoTest()[pri:0, instance:null] on TestClass class com.qa.opencart.tests.ProductInfoPageTest
2026-02-05 22:34:40 INFO  Utils:112 - [Utils] MethodGroupsHelper.collectMethodsByGroup() took 0 ms.
2026-02-05 22:34:40 INFO  Utils:112 - [Utils] MethodGroupsHelper.sortMethods() took 0 ms.
2026-02-05 22:34:40 INFO  Utils:112 - [Utils] MethodGroupsHelper.collectMethodsByGroup() took 0 ms.
2026-02-05 22:34:40 INFO  Utils:112 - [Utils] MethodGroupsHelper.sortMethods() took 0 ms.
2026-02-05 22:34:40 INFO  Utils:112 - [XmlMethodSelector] Including method com.qa.opencart.base.setup()
2026-02-05 22:34:40 INFO  Utils:112 - [Utils] MethodGroupsHelper.collectMethodsByGroup() took 0 ms.
2026-02-05 22:34:40 INFO  Utils:112 - [Utils] MethodGroupsHelper.sortMethods() took 0 ms.
2026-02-05 22:34:40 INFO  Utils:112 - [XmlMethodSelector] Including method com.qa.opencart.base.tearDown()
2026-02-05 22:34:40 INFO  Utils:112 - [Utils] MethodGroupsHelper.collectMethodsByGroup() took 1 ms.
2026-02-05 22:34:40 INFO  Utils:112 - [Utils] MethodGroupsHelper.sortMethods() took 0 ms.
2026-02-05 22:34:40 INFO  Utils:112 - [XmlMethodSelector] Including method com.qa.opencart.tests.productInfoSetUp()
2026-02-05 22:34:40 INFO  Utils:112 - [Utils] MethodGroupsHelper.collectMethodsByGroup() took 0 ms.
2026-02-05 22:34:40 INFO  Utils:112 - [Utils] MethodGroupsHelper.sortMethods() took 0 ms.
2026-02-05 22:34:40 INFO  Utils:112 - [Utils] MethodGroupsHelper.collectMethodsByGroup() took 0 ms.
2026-02-05 22:34:40 INFO  Utils:112 - [Utils] MethodGroupsHelper.sortMethods() took 0 ms.
2026-02-05 22:34:40 INFO  Utils:112 - [Utils] MethodGroupsHelper.collectMethodsByGroup() took 0 ms.
2026-02-05 22:34:40 INFO  Utils:112 - [Utils] MethodGroupsHelper.sortMethods() took 0 ms.
2026-02-05 22:34:40 INFO  Utils:112 - [Utils] MethodGroupsHelper.collectMethodsByGroup() took 0 ms.
2026-02-05 22:34:40 INFO  Utils:112 - [Utils] MethodGroupsHelper.sortMethods() took 0 ms.
2026-02-05 22:34:40 INFO  Utils:112 - [Utils] MethodGroupsHelper.collectMethodsByGroup() took 0 ms.
2026-02-05 22:34:40 INFO  Utils:112 - [Utils] MethodGroupsHelper.sortMethods() took 0 ms.
2026-02-05 22:34:40 INFO  Utils:112 - [XmlMethodSelector] Including method com.qa.opencart.base.attachScreenshot()
2026-02-05 22:34:40 INFO  Utils:112 - [Utils] MethodGroupsHelper.collectMethodsByGroup() took 0 ms.
2026-02-05 22:34:40 INFO  Utils:112 - [Utils] MethodGroupsHelper.sortMethods() took 1 ms.
2026-02-05 22:34:40 INFO  Utils:112 - [Utils] MethodGroupsHelper.collectMethodsByGroup() took 0 ms.
2026-02-05 22:34:40 INFO  Utils:112 - [Utils] MethodGroupsHelper.sortMethods() took 0 ms.
2026-02-05 22:34:40 INFO  Utils:112 - [Utils] MethodGroupsHelper.collectMethodsByGroup() took 0 ms.
2026-02-05 22:34:40 INFO  Utils:112 - [Utils] MethodGroupsHelper.sortMethods() took 0 ms.
2026-02-05 22:34:40 INFO  Utils:112 - [XmlMethodSelector] Including method com.qa.opencart.tests.productImageCountTest()
2026-02-05 22:34:40 INFO  Utils:112 - [XmlMethodSelector] Including method com.qa.opencart.tests.productHeaderTest()
2026-02-05 22:34:40 INFO  Utils:112 - [XmlMethodSelector] Including method com.qa.opencart.tests.productInfoTest()
2026-02-05 22:34:40 INFO  Utils:112 - [Utils] MethodGroupsHelper.collectMethodsByGroup() took 1 ms.
2026-02-05 22:34:40 INFO  Utils:112 - [Utils] MethodGroupsHelper.sortMethods() took 1 ms.
2026-02-05 22:34:40 INFO  Utils:112 - [Utils] MethodGroupsHelper.collectMethodsByGroup() took 0 ms.
2026-02-05 22:34:40 INFO  Utils:112 - [Utils] MethodGroupsHelper.sortMethods() took 0 ms.
2026-02-05 22:34:40 INFO  Utils:112 - [Utils] MethodGroupsHelper.collectMethodsByGroup() took 0 ms.
2026-02-05 22:34:40 INFO  Utils:112 - [Utils] MethodGroupsHelper.sortMethods() took 0 ms.
2026-02-05 22:34:40 INFO  Utils:112 - [TestRunner] Running the tests in 'Register Page Test' with parallel mode:tests
2026-02-05 22:34:40 INFO  Utils:112 - [RunInfo] Adding method selector: org.testng.internal.XmlMethodSelector@1682e6a priority: 10
2026-02-05 22:34:40 INFO  Utils:112 - [TestClass] Creating TestClass for [ClassImpl class=com.qa.opencart.tests.RegisterPageTest]
2026-02-05 22:34:40 INFO  Utils:112 - [TestClass] Adding method RegisterPageTest.userRegisterTest(java.lang.String,java.lang.String,java.lang.String,java.lang.String,java.lang.String)[pri:0, instance:null] on TestClass class com.qa.opencart.tests.RegisterPageTest
2026-02-05 22:34:40 INFO  Utils:112 - [Utils] MethodGroupsHelper.collectMethodsByGroup() took 0 ms.
2026-02-05 22:34:40 INFO  Utils:112 - [Utils] MethodGroupsHelper.sortMethods() took 0 ms.
2026-02-05 22:34:40 INFO  Utils:112 - [Utils] MethodGroupsHelper.collectMethodsByGroup() took 0 ms.
2026-02-05 22:34:40 INFO  Utils:112 - [Utils] MethodGroupsHelper.sortMethods() took 0 ms.
2026-02-05 22:34:40 INFO  Utils:112 - [XmlMethodSelector] Including method com.qa.opencart.base.setup()
2026-02-05 22:34:40 INFO  Utils:112 - [Utils] MethodGroupsHelper.collectMethodsByGroup() took 0 ms.
2026-02-05 22:34:40 INFO  Utils:112 - [Utils] MethodGroupsHelper.sortMethods() took 0 ms.
2026-02-05 22:34:40 INFO  Utils:112 - [XmlMethodSelector] Including method com.qa.opencart.base.tearDown()
2026-02-05 22:34:40 INFO  Utils:112 - [Utils] MethodGroupsHelper.collectMethodsByGroup() took 0 ms.
2026-02-05 22:34:40 INFO  Utils:112 - [Utils] MethodGroupsHelper.sortMethods() took 0 ms.
2026-02-05 22:34:40 INFO  Utils:112 - [XmlMethodSelector] Including method com.qa.opencart.tests.registerSetup()
2026-02-05 22:34:40 INFO  Utils:112 - [Utils] MethodGroupsHelper.collectMethodsByGroup() took 1 ms.
2026-02-05 22:34:40 INFO  Utils:112 - [Utils] MethodGroupsHelper.sortMethods() took 0 ms.
2026-02-05 22:34:40 INFO  Utils:112 - [Utils] MethodGroupsHelper.collectMethodsByGroup() took 0 ms.
2026-02-05 22:34:40 INFO  Utils:112 - [Utils] MethodGroupsHelper.sortMethods() took 0 ms.
2026-02-05 22:34:40 INFO  Utils:112 - [Utils] MethodGroupsHelper.collectMethodsByGroup() took 0 ms.
2026-02-05 22:34:40 INFO  Utils:112 - [Utils] MethodGroupsHelper.sortMethods() took 0 ms.
2026-02-05 22:34:40 INFO  Utils:112 - [Utils] MethodGroupsHelper.collectMethodsByGroup() took 0 ms.
2026-02-05 22:34:40 INFO  Utils:112 - [Utils] MethodGroupsHelper.sortMethods() took 0 ms.
2026-02-05 22:34:40 INFO  Utils:112 - [Utils] MethodGroupsHelper.collectMethodsByGroup() took 0 ms.
2026-02-05 22:34:40 INFO  Utils:112 - [Utils] MethodGroupsHelper.sortMethods() took 0 ms.
2026-02-05 22:34:40 INFO  Utils:112 - [XmlMethodSelector] Including method com.qa.opencart.base.attachScreenshot()
2026-02-05 22:34:40 INFO  Utils:112 - [Utils] MethodGroupsHelper.collectMethodsByGroup() took 1 ms.
2026-02-05 22:34:40 INFO  Utils:112 - [Utils] MethodGroupsHelper.sortMethods() took 0 ms.
2026-02-05 22:34:40 INFO  Utils:112 - [Utils] MethodGroupsHelper.collectMethodsByGroup() took 0 ms.
2026-02-05 22:34:40 INFO  Utils:112 - [Utils] MethodGroupsHelper.sortMethods() took 0 ms.
2026-02-05 22:34:40 INFO  Utils:112 - [Utils] MethodGroupsHelper.collectMethodsByGroup() took 0 ms.
2026-02-05 22:34:40 INFO  Utils:112 - [Utils] MethodGroupsHelper.sortMethods() took 0 ms.
2026-02-05 22:34:40 INFO  Utils:112 - [XmlMethodSelector] Including method com.qa.opencart.tests.userRegisterTest()
2026-02-05 22:34:40 INFO  Utils:112 - [Utils] MethodGroupsHelper.collectMethodsByGroup() took 0 ms.
2026-02-05 22:34:40 INFO  Utils:112 - [Utils] MethodGroupsHelper.sortMethods() took 1 ms.
2026-02-05 22:34:40 INFO  Utils:112 - [Utils] MethodGroupsHelper.collectMethodsByGroup() took 0 ms.
2026-02-05 22:34:40 INFO  Utils:112 - [Utils] MethodGroupsHelper.sortMethods() took 0 ms.
2026-02-05 22:34:40 INFO  Utils:112 - [Utils] MethodGroupsHelper.collectMethodsByGroup() took 0 ms.
2026-02-05 22:34:40 INFO  Utils:112 - [Utils] MethodGroupsHelper.sortMethods() took 0 ms.
2026-02-05 22:34:40 INFO  Utils:112 - [TestNG] Running:
  C:\Users\Ganesh\Jan2026FrameworkSessions\src\test\resources\testrunners\testng_regression.xml

2026-02-05 22:34:40 INFO  Utils:112 - [SuiteRunner] Created 5 TestRunners
2026-02-05 22:34:40 INFO  Utils:112 - [ThreadUtil] Starting executor timeOut:2147483647ms workers:5 threadPoolSize:5
2026-02-05 22:34:40 INFO  Utils:112 - [[SuiteWorker]] Running XML Test 'Register Page Test' in Parallel
2026-02-05 22:34:40 INFO  Utils:112 - [[SuiteWorker]] Running XML Test 'Search Page Test' in Parallel
2026-02-05 22:34:40 INFO  Utils:112 - [[SuiteWorker]] Running XML Test 'Product Info Page Test' in Parallel
2026-02-05 22:34:40 INFO  Utils:112 - [[SuiteWorker]] Running XML Test 'Login Page Test' in Parallel
2026-02-05 22:34:40 INFO  Utils:112 - [[SuiteWorker]] Running XML Test 'Accounts Page Test' in Parallel
2026-02-05 22:34:40 INFO  Utils:112 - [TestRunner] Running test Register Page Test on 1  classes,  included groups:[] excluded groups:[]
2026-02-05 22:34:40 INFO  Utils:112 - [TestRunner] Running test Product Info Page Test on 1  classes,  included groups:[] excluded groups:[]
2026-02-05 22:34:40 INFO  Utils:112 - [TestRunner] Running test Login Page Test on 1  classes,  included groups:[] excluded groups:[]
2026-02-05 22:34:40 INFO  Utils:112 - [TestRunner] Running test Accounts Page Test on 1  classes,  included groups:[] excluded groups:[]
2026-02-05 22:34:40 INFO  Utils:112 - [TestRunner] Running test Search Page Test on 1  classes,  included groups:[] excluded groups:[]
2026-02-05 22:34:40 INFO  TestClass:112 - ===== Test class
com.qa.opencart.tests.LoginPageTest
2026-02-05 22:34:40 INFO  TestClass:112 - ===== Test class
com.qa.opencart.tests.ProductInfoPageTest
2026-02-05 22:34:40 INFO  TestClass:112 - ===== Test class
com.qa.opencart.tests.AccountsPageTest
2026-02-05 22:34:40 INFO  TestClass:112 -     @Test LoginPageTest.loginPageTitleTest()[pri:0, instance:com.qa.opencart.tests.LoginPageTest@1d283d1]
2026-02-05 22:34:40 INFO  TestClass:112 -   @BeforeClass ProductInfoPageTest.productInfoSetUp()[pri:0, instance:com.qa.opencart.tests.ProductInfoPageTest@1ac0cdb0]
2026-02-05 22:34:40 INFO  TestClass:112 - ===== Test class
com.qa.opencart.tests.RegisterPageTest
2026-02-05 22:34:40 INFO  TestClass:112 -     @Test LoginPageTest.loginPageURLTest()[pri:0, instance:com.qa.opencart.tests.LoginPageTest@1d283d1]
2026-02-05 22:34:40 INFO  TestClass:112 -     @Test ProductInfoPageTest.productImageCountTest(java.lang.String,java.lang.String,java.lang.String)[pri:0, instance:com.qa.opencart.tests.ProductInfoPageTest@1ac0cdb0]
2026-02-05 22:34:40 INFO  TestClass:112 -   @BeforeClass RegisterPageTest.registerSetup()[pri:0, instance:com.qa.opencart.tests.RegisterPageTest@5e385b6f]
2026-02-05 22:34:40 INFO  TestClass:112 -     @Test LoginPageTest.forgotPwdLinkExistTest()[pri:0, instance:com.qa.opencart.tests.LoginPageTest@1d283d1]
2026-02-05 22:34:40 INFO  TestClass:112 -   @BeforeClass AccountsPageTest.accPageSetup()[pri:0, instance:com.qa.opencart.tests.AccountsPageTest@68fc9167]
2026-02-05 22:34:40 INFO  TestClass:112 -     @Test LoginPageTest.loginTest()[pri:32767, instance:com.qa.opencart.tests.LoginPageTest@1d283d1]
2026-02-05 22:34:40 INFO  TestClass:112 -     @Test ProductInfoPageTest.productHeaderTest(java.lang.String,java.lang.String)[pri:0, instance:com.qa.opencart.tests.ProductInfoPageTest@1ac0cdb0]
2026-02-05 22:34:40 INFO  TestClass:112 -     @Test AccountsPageTest.accPageURLTest()[pri:0, instance:com.qa.opencart.tests.AccountsPageTest@68fc9167]
2026-02-05 22:34:40 INFO  TestClass:112 -     @Test ProductInfoPageTest.productInfoTest()[pri:0, instance:com.qa.opencart.tests.ProductInfoPageTest@1ac0cdb0]
2026-02-05 22:34:40 INFO  TestClass:112 -   @AfterMethod BaseTest.attachScreenshot(org.testng.ITestResult)[pri:0, instance:com.qa.opencart.tests.LoginPageTest@1d283d1]
2026-02-05 22:34:40 INFO  TestClass:112 -     @Test RegisterPageTest.userRegisterTest(java.lang.String,java.lang.String,java.lang.String,java.lang.String,java.lang.String)[pri:0, instance:com.qa.opencart.tests.RegisterPageTest@5e385b6f]
2026-02-05 22:34:40 INFO  TestClass:112 -     @Test AccountsPageTest.accPageHeadersTest()[pri:0, instance:com.qa.opencart.tests.AccountsPageTest@68fc9167]
2026-02-05 22:34:40 INFO  TestClass:112 -   @AfterMethod BaseTest.attachScreenshot(org.testng.ITestResult)[pri:0, instance:com.qa.opencart.tests.ProductInfoPageTest@1ac0cdb0]
2026-02-05 22:34:40 INFO  TestClass:112 - ======
2026-02-05 22:34:40 INFO  TestClass:112 -   @AfterMethod BaseTest.attachScreenshot(org.testng.ITestResult)[pri:0, instance:com.qa.opencart.tests.RegisterPageTest@5e385b6f]
2026-02-05 22:34:40 INFO  TestClass:112 -     @Test AccountsPageTest.accPageTitletest()[pri:0, instance:com.qa.opencart.tests.AccountsPageTest@68fc9167]
2026-02-05 22:34:40 INFO  TestClass:112 - ======
2026-02-05 22:34:40 INFO  TestClass:112 - ======
2026-02-05 22:34:40 INFO  TestClass:112 - ===== Test class
com.qa.opencart.tests.SearchTest
2026-02-05 22:34:40 INFO  TestClass:112 -   @AfterMethod BaseTest.attachScreenshot(org.testng.ITestResult)[pri:0, instance:com.qa.opencart.tests.AccountsPageTest@68fc9167]
2026-02-05 22:34:40 INFO  TestClass:112 - ======
2026-02-05 22:34:40 INFO  TestClass:112 -   @BeforeClass SearchTest.searchSetUp()[pri:0, instance:com.qa.opencart.tests.SearchTest@6546371]
2026-02-05 22:34:40 INFO  TestClass:112 -     @Test SearchTest.searchTest()[pri:0, instance:com.qa.opencart.tests.SearchTest@6546371]
2026-02-05 22:34:40 INFO  TestClass:112 -   @AfterMethod BaseTest.attachScreenshot(org.testng.ITestResult)[pri:0, instance:com.qa.opencart.tests.SearchTest@6546371]
2026-02-05 22:34:40 INFO  TestClass:112 - ======
2026-02-05 22:34:40 INFO  Utils:112 - [Invoker 800097023] Invoking @BeforeTest BaseTest.setup(java.lang.String)[pri:0, instance:com.qa.opencart.tests.RegisterPageTest@5e385b6f]
2026-02-05 22:34:40 INFO  Utils:112 - [Invoker 1102782217] Invoking @BeforeTest BaseTest.setup(java.lang.String)[pri:0, instance:com.qa.opencart.tests.AccountsPageTest@68fc9167]
2026-02-05 22:34:40 INFO  Utils:112 - [Invoker 317051873] Invoking @BeforeTest BaseTest.setup(java.lang.String)[pri:0, instance:com.qa.opencart.tests.ProductInfoPageTest@1ac0cdb0]
2026-02-05 22:34:40 INFO  Utils:112 - [Invoker 1258801872] Invoking @BeforeTest BaseTest.setup(java.lang.String)[pri:0, instance:com.qa.opencart.tests.LoginPageTest@1d283d1]
2026-02-05 22:34:40 INFO  Utils:112 - [Invoker 1727196188] Invoking @BeforeTest BaseTest.setup(java.lang.String)[pri:0, instance:com.qa.opencart.tests.SearchTest@6546371]
2026-02-05 22:34:40 WARN  LogUtil:15 - Env is null, hence running the tests on QA env by default...
2026-02-05 22:34:40 WARN  LogUtil:15 - Env is null, hence running the tests on QA env by default...
2026-02-05 22:34:40 WARN  LogUtil:15 - Env is null, hence running the tests on QA env by default...
2026-02-05 22:34:40 WARN  LogUtil:15 - Env is null, hence running the tests on QA env by default...
2026-02-05 22:34:40 WARN  LogUtil:15 - Env is null, hence running the tests on QA env by default...
2026-02-05 22:34:40 INFO  LogUtil:11 - Properties: {headless=false, password=Testing123$, browser=chrome, incognito=false, url=https://naveenautomationlabs.com/opencart/index.php?route=account/account, username=hello@bny.com}
2026-02-05 22:34:40 INFO  LogUtil:11 - Properties: {headless=false, password=Testing123$, browser=chrome, incognito=false, url=https://naveenautomationlabs.com/opencart/index.php?route=account/account, username=hello@bny.com}
2026-02-05 22:34:40 INFO  LogUtil:11 - Properties: {headless=false, password=Testing123$, browser=chrome, incognito=false, url=https://naveenautomationlabs.com/opencart/index.php?route=account/account, username=hello@bny.com}
2026-02-05 22:34:40 INFO  LogUtil:11 - Properties: {headless=false, password=Testing123$, browser=chrome, incognito=false, url=https://naveenautomationlabs.com/opencart/index.php?route=account/account, username=hello@bny.com}
2026-02-05 22:34:40 INFO  LogUtil:11 - Browser Name :chrome
2026-02-05 22:34:40 INFO  LogUtil:11 - Browser Name :chrome
2026-02-05 22:34:40 INFO  LogUtil:11 - Browser Name :chrome
2026-02-05 22:34:40 INFO  LogUtil:11 - Browser Name :chrome
2026-02-05 22:34:40 INFO  LogUtil:11 - Properties: {headless=false, password=Testing123$, browser=chrome, incognito=false, url=https://naveenautomationlabs.com/opencart/index.php?route=account/account, username=hello@bny.com}
2026-02-05 22:34:40 INFO  LogUtil:11 - Browser Name :chrome
2026-02-05 22:34:45 INFO  Utils:112 - [Utils] DynamicGraphHelper.createDynamicGraph() took 17 ms.
2026-02-05 22:34:45 INFO  Utils:112 - [Invoker 800097023] Invoking @BeforeClass RegisterPageTest.registerSetup()[pri:0, instance:com.qa.opencart.tests.RegisterPageTest@5e385b6f]
2026-02-05 22:34:45 INFO  Utils:112 - [Utils] DynamicGraphHelper.createDynamicGraph() took 0 ms.
2026-02-05 22:34:45 INFO  Utils:112 - [Invoker 1727196188] Invoking @BeforeClass SearchTest.searchSetUp()[pri:0, instance:com.qa.opencart.tests.SearchTest@6546371]
2026-02-05 22:34:46 INFO  Utils:112 - [Invoker 1727196188] Invoking com.qa.opencart.tests.SearchTest.searchTest
2026-02-05 22:34:46 INFO  Utils:112 - [Utils] DynamicGraphHelper.createDynamicGraph() took 0 ms.
2026-02-05 22:34:46 INFO  Utils:112 - [Invoker 1102782217] Invoking @BeforeClass AccountsPageTest.accPageSetup()[pri:0, instance:com.qa.opencart.tests.AccountsPageTest@68fc9167]
2026-02-05 22:34:47 INFO  Utils:112 - [Utils] DynamicGraphHelper.createDynamicGraph() took 0 ms.
2026-02-05 22:34:47 INFO  Utils:112 - [Invoker 317051873] Invoking @BeforeClass ProductInfoPageTest.productInfoSetUp()[pri:0, instance:com.qa.opencart.tests.ProductInfoPageTest@1ac0cdb0]
2026-02-05 22:34:47 INFO  Utils:112 - [Utils] DynamicGraphHelper.createDynamicGraph() took 1 ms.
2026-02-05 22:34:47 INFO  Utils:112 - [Invoker 1258801872] Invoking com.qa.opencart.tests.LoginPageTest.forgotPwdLinkExistTest
2026-02-05 22:34:48 INFO  Utils:112 - [Invoker 1258801872] Invoking @AfterMethod BaseTest.attachScreenshot(org.testng.ITestResult)[pri:0, instance:com.qa.opencart.tests.LoginPageTest@1d283d1]
2026-02-05 22:34:48 INFO  Utils:112 - [Invoker 1258801872] Invoking com.qa.opencart.tests.LoginPageTest.loginPageTitleTest
2026-02-05 22:34:48 INFO  Utils:112 - [Invoker 1258801872] Invoking @AfterMethod BaseTest.attachScreenshot(org.testng.ITestResult)[pri:0, instance:com.qa.opencart.tests.LoginPageTest@1d283d1]
2026-02-05 22:34:48 INFO  Utils:112 - [Invoker 1102782217] Invoking com.qa.opencart.tests.AccountsPageTest.accPageHeadersTest
2026-02-05 22:34:48 INFO  Utils:112 - [Invoker 1258801872] Invoking com.qa.opencart.tests.LoginPageTest.loginPageURLTest
2026-02-05 22:34:48 INFO  Utils:112 - [Invoker 1258801872] Invoking @AfterMethod BaseTest.attachScreenshot(org.testng.ITestResult)[pri:0, instance:com.qa.opencart.tests.LoginPageTest@1d283d1]
2026-02-05 22:34:48 INFO  Utils:112 - [Invoker 1258801872] Invoking com.qa.opencart.tests.LoginPageTest.loginTest
2026-02-05 22:34:48 INFO  Utils:112 - [Invoker 1102782217] Invoking @AfterMethod BaseTest.attachScreenshot(org.testng.ITestResult)[pri:0, instance:com.qa.opencart.tests.AccountsPageTest@68fc9167]
2026-02-05 22:34:48 INFO  Utils:112 - [Invoker 317051873] Invoking com.qa.opencart.tests.ProductInfoPageTest.productHeaderTest
2026-02-05 22:34:48 INFO  Utils:112 - [Invoker 800097023] Invoking com.qa.opencart.tests.RegisterPageTest.userRegisterTest
2026-02-05 22:34:48 INFO  Utils:112 - [Invoker 1102782217] Invoking com.qa.opencart.tests.AccountsPageTest.accPageHeadersTest
2026-02-05 22:34:49 INFO  Utils:112 - [Invoker 1102782217] Invoking @AfterMethod BaseTest.attachScreenshot(org.testng.ITestResult)[pri:0, instance:com.qa.opencart.tests.AccountsPageTest@68fc9167]
2026-02-05 22:34:49 INFO  Utils:112 - [Invoker 1102782217] Invoking com.qa.opencart.tests.AccountsPageTest.accPageHeadersTest
2026-02-05 22:34:49 INFO  Utils:112 - [Invoker 1102782217] Invoking @AfterMethod BaseTest.attachScreenshot(org.testng.ITestResult)[pri:0, instance:com.qa.opencart.tests.AccountsPageTest@68fc9167]
2026-02-05 22:34:49 INFO  Utils:112 - [Invoker 1102782217] Invoking com.qa.opencart.tests.AccountsPageTest.accPageHeadersTest
2026-02-05 22:34:49 INFO  Utils:112 - [Invoker 1102782217] Invoking @AfterMethod BaseTest.attachScreenshot(org.testng.ITestResult)[pri:0, instance:com.qa.opencart.tests.AccountsPageTest@68fc9167]
2026-02-05 22:34:49 INFO  Utils:112 - [Invoker 1102782217] Invoking com.qa.opencart.tests.AccountsPageTest.accPageTitletest
2026-02-05 22:34:51 INFO  Utils:112 - [Invoker 317051873] Invoking @AfterMethod BaseTest.attachScreenshot(org.testng.ITestResult)[pri:0, instance:com.qa.opencart.tests.ProductInfoPageTest@1ac0cdb0]
2026-02-05 22:34:51 INFO  Utils:112 - [Invoker 317051873] Invoking com.qa.opencart.tests.ProductInfoPageTest.productHeaderTest
2026-02-05 22:34:53 INFO  Utils:112 - [Invoker 317051873] Invoking @AfterMethod BaseTest.attachScreenshot(org.testng.ITestResult)[pri:0, instance:com.qa.opencart.tests.ProductInfoPageTest@1ac0cdb0]
2026-02-05 22:34:53 INFO  Utils:112 - [Invoker 317051873] Invoking com.qa.opencart.tests.ProductInfoPageTest.productHeaderTest
2026-02-05 22:34:53 INFO  Utils:112 - [Invoker 800097023] Invoking @AfterMethod BaseTest.attachScreenshot(org.testng.ITestResult)[pri:0, instance:com.qa.opencart.tests.RegisterPageTest@5e385b6f]
2026-02-05 22:34:53 INFO  Utils:112 - [Invoker 800097023] Invoking com.qa.opencart.tests.RegisterPageTest.userRegisterTest
2026-02-05 22:34:54 INFO  Utils:112 - [Invoker 317051873] Invoking @AfterMethod BaseTest.attachScreenshot(org.testng.ITestResult)[pri:0, instance:com.qa.opencart.tests.ProductInfoPageTest@1ac0cdb0]
2026-02-05 22:34:54 INFO  Utils:112 - [Invoker 317051873] Invoking com.qa.opencart.tests.ProductInfoPageTest.productHeaderTest
2026-02-05 22:34:55 INFO  Utils:112 - [Invoker 1258801872] Invoking @AfterMethod BaseTest.attachScreenshot(org.testng.ITestResult)[pri:0, instance:com.qa.opencart.tests.LoginPageTest@1d283d1]
2026-02-05 22:34:55 INFO  Utils:112 - [Invoker 1102782217] Invoking @AfterMethod BaseTest.attachScreenshot(org.testng.ITestResult)[pri:0, instance:com.qa.opencart.tests.AccountsPageTest@68fc9167]
2026-02-05 22:34:55 INFO  Utils:112 - [Invoker 1258801872] Invoking com.qa.opencart.tests.LoginPageTest.loginTest
2026-02-05 22:34:55 INFO  Utils:112 - [Invoker 1102782217] Invoking com.qa.opencart.tests.AccountsPageTest.accPageTitletest
2026-02-05 22:34:56 INFO  Utils:112 - [Invoker 317051873] Invoking @AfterMethod BaseTest.attachScreenshot(org.testng.ITestResult)[pri:0, instance:com.qa.opencart.tests.ProductInfoPageTest@1ac0cdb0]
2026-02-05 22:34:56 INFO  Utils:112 - [Invoker 317051873] Invoking com.qa.opencart.tests.ProductInfoPageTest.productHeaderTest
2026-02-05 22:34:57 INFO  Utils:112 - [Invoker 1727196188] Invoking @AfterMethod BaseTest.attachScreenshot(org.testng.ITestResult)[pri:0, instance:com.qa.opencart.tests.SearchTest@6546371]
2026-02-05 22:34:57 INFO  Utils:112 - [Invoker 1727196188] Invoking @AfterTest BaseTest.tearDown()[pri:0, instance:com.qa.opencart.tests.SearchTest@6546371]
2026-02-05 22:34:58 INFO  Utils:112 - [Invoker 800097023] Invoking @AfterMethod BaseTest.attachScreenshot(org.testng.ITestResult)[pri:0, instance:com.qa.opencart.tests.RegisterPageTest@5e385b6f]
2026-02-05 22:34:58 INFO  Utils:112 - [Invoker 800097023] Invoking com.qa.opencart.tests.RegisterPageTest.userRegisterTest
2026-02-05 22:35:00 INFO  Utils:112 - [Invoker 1102782217] Invoking @AfterMethod BaseTest.attachScreenshot(org.testng.ITestResult)[pri:0, instance:com.qa.opencart.tests.AccountsPageTest@68fc9167]
2026-02-05 22:35:00 INFO  Utils:112 - [Invoker 1102782217] Invoking com.qa.opencart.tests.AccountsPageTest.accPageTitletest
2026-02-05 22:35:00 INFO  Utils:112 - [Invoker 1258801872] Invoking @AfterMethod BaseTest.attachScreenshot(org.testng.ITestResult)[pri:0, instance:com.qa.opencart.tests.LoginPageTest@1d283d1]
2026-02-05 22:35:00 INFO  Utils:112 - [Invoker 317051873] Invoking @AfterMethod BaseTest.attachScreenshot(org.testng.ITestResult)[pri:0, instance:com.qa.opencart.tests.ProductInfoPageTest@1ac0cdb0]
2026-02-05 22:35:00 INFO  Utils:112 - [Invoker 317051873] Invoking com.qa.opencart.tests.ProductInfoPageTest.productImageCountTest
2026-02-05 22:35:01 INFO  Utils:112 - [Invoker 1258801872] Invoking com.qa.opencart.tests.LoginPageTest.loginTest
2026-02-05 22:35:02 INFO  Utils:112 - [Invoker 800097023] Invoking @AfterMethod BaseTest.attachScreenshot(org.testng.ITestResult)[pri:0, instance:com.qa.opencart.tests.RegisterPageTest@5e385b6f]
2026-02-05 22:35:02 INFO  Utils:112 - [Invoker 800097023] Invoking @AfterTest BaseTest.tearDown()[pri:0, instance:com.qa.opencart.tests.RegisterPageTest@5e385b6f]
2026-02-05 22:35:03 INFO  Utils:112 - [Invoker 317051873] Invoking @AfterMethod BaseTest.attachScreenshot(org.testng.ITestResult)[pri:0, instance:com.qa.opencart.tests.ProductInfoPageTest@1ac0cdb0]
2026-02-05 22:35:03 INFO  Utils:112 - [Invoker 317051873] Invoking com.qa.opencart.tests.ProductInfoPageTest.productImageCountTest
2026-02-05 22:35:05 INFO  Utils:112 - [Invoker 317051873] Invoking @AfterMethod BaseTest.attachScreenshot(org.testng.ITestResult)[pri:0, instance:com.qa.opencart.tests.ProductInfoPageTest@1ac0cdb0]
2026-02-05 22:35:05 INFO  Utils:112 - [Invoker 317051873] Invoking com.qa.opencart.tests.ProductInfoPageTest.productImageCountTest
2026-02-05 22:35:05 INFO  Utils:112 - [Invoker 1102782217] Invoking @AfterMethod BaseTest.attachScreenshot(org.testng.ITestResult)[pri:0, instance:com.qa.opencart.tests.AccountsPageTest@68fc9167]
2026-02-05 22:35:06 INFO  Utils:112 - [Invoker 1102782217] Invoking com.qa.opencart.tests.AccountsPageTest.accPageTitletest
2026-02-05 22:35:06 INFO  Utils:112 - [Invoker 1258801872] Invoking @AfterMethod BaseTest.attachScreenshot(org.testng.ITestResult)[pri:0, instance:com.qa.opencart.tests.LoginPageTest@1d283d1]
2026-02-05 22:35:06 INFO  Utils:112 - [Invoker 1258801872] Invoking com.qa.opencart.tests.LoginPageTest.loginTest
2026-02-05 22:35:07 INFO  Utils:112 - [Invoker 317051873] Invoking @AfterMethod BaseTest.attachScreenshot(org.testng.ITestResult)[pri:0, instance:com.qa.opencart.tests.ProductInfoPageTest@1ac0cdb0]
2026-02-05 22:35:07 INFO  Utils:112 - [Invoker 317051873] Invoking com.qa.opencart.tests.ProductInfoPageTest.productImageCountTest
2026-02-05 22:35:09 INFO  Utils:112 - [Invoker 317051873] Invoking @AfterMethod BaseTest.attachScreenshot(org.testng.ITestResult)[pri:0, instance:com.qa.opencart.tests.ProductInfoPageTest@1ac0cdb0]
2026-02-05 22:35:09 INFO  Utils:112 - [Invoker 317051873] Invoking com.qa.opencart.tests.ProductInfoPageTest.productImageCountTest
2026-02-05 22:35:11 INFO  Utils:112 - [Invoker 1102782217] Invoking @AfterMethod BaseTest.attachScreenshot(org.testng.ITestResult)[pri:0, instance:com.qa.opencart.tests.AccountsPageTest@68fc9167]
2026-02-05 22:35:11 INFO  Utils:112 - [Invoker 317051873] Invoking @AfterMethod BaseTest.attachScreenshot(org.testng.ITestResult)[pri:0, instance:com.qa.opencart.tests.ProductInfoPageTest@1ac0cdb0]
2026-02-05 22:35:11 INFO  Utils:112 - [Invoker 317051873] Invoking com.qa.opencart.tests.ProductInfoPageTest.productInfoTest
2026-02-05 22:35:11 INFO  Utils:112 - [Invoker 1102782217] Invoking com.qa.opencart.tests.AccountsPageTest.accPageURLTest
2026-02-05 22:35:12 INFO  Utils:112 - [Invoker 1258801872] Invoking @AfterMethod BaseTest.attachScreenshot(org.testng.ITestResult)[pri:0, instance:com.qa.opencart.tests.LoginPageTest@1d283d1]
2026-02-05 22:35:12 INFO  Utils:112 - [Invoker 1258801872] Invoking @AfterTest BaseTest.tearDown()[pri:0, instance:com.qa.opencart.tests.LoginPageTest@1d283d1]
2026-02-05 22:35:13 INFO  Utils:112 - [Invoker 317051873] Invoking @AfterMethod BaseTest.attachScreenshot(org.testng.ITestResult)[pri:0, instance:com.qa.opencart.tests.ProductInfoPageTest@1ac0cdb0]
2026-02-05 22:35:13 INFO  Utils:112 - [Invoker 317051873] Invoking @AfterTest BaseTest.tearDown()[pri:0, instance:com.qa.opencart.tests.ProductInfoPageTest@1ac0cdb0]
2026-02-05 22:35:16 INFO  Utils:112 - [Invoker 1102782217] Invoking @AfterMethod BaseTest.attachScreenshot(org.testng.ITestResult)[pri:0, instance:com.qa.opencart.tests.AccountsPageTest@68fc9167]
2026-02-05 22:35:16 INFO  Utils:112 - [Invoker 1102782217] Invoking com.qa.opencart.tests.AccountsPageTest.accPageURLTest
2026-02-05 22:35:22 INFO  Utils:112 - [Invoker 1102782217] Invoking @AfterMethod BaseTest.attachScreenshot(org.testng.ITestResult)[pri:0, instance:com.qa.opencart.tests.AccountsPageTest@68fc9167]
2026-02-05 22:35:22 INFO  Utils:112 - [Invoker 1102782217] Invoking com.qa.opencart.tests.AccountsPageTest.accPageURLTest
2026-02-05 22:35:27 INFO  Utils:112 - [Invoker 1102782217] Invoking @AfterMethod BaseTest.attachScreenshot(org.testng.ITestResult)[pri:0, instance:com.qa.opencart.tests.AccountsPageTest@68fc9167]
2026-02-05 22:35:27 INFO  Utils:112 - [Invoker 1102782217] Invoking com.qa.opencart.tests.AccountsPageTest.accPageURLTest
2026-02-05 22:35:32 INFO  Utils:112 - [Invoker 1102782217] Invoking @AfterMethod BaseTest.attachScreenshot(org.testng.ITestResult)[pri:0, instance:com.qa.opencart.tests.AccountsPageTest@68fc9167]
2026-02-05 22:35:33 INFO  Utils:112 - [Invoker 1102782217] Invoking @AfterTest BaseTest.tearDown()[pri:0, instance:com.qa.opencart.tests.AccountsPageTest@68fc9167]
2026-02-05 22:35:33 INFO  Utils:112 - [TestNG] Time taken by org.testng.internal.ExitCodeListener@218df7d6: 0 ms
